[debug] [2020-12-23T13:51:48.480Z] ----------------------------------------------------------------------
[debug] [2020-12-23T13:51:48.482Z] Command:       /home/gitpod/.nvm/versions/node/v12.20.0/bin/node /home/gitpod/.nvm/versions/node/v12.20.0/bin/firebase login
[debug] [2020-12-23T13:51:48.482Z] CLI Version:   9.1.0
[debug] [2020-12-23T13:51:48.482Z] Platform:      linux
[debug] [2020-12-23T13:51:48.482Z] Node Version:  v12.20.0
[debug] [2020-12-23T13:51:48.483Z] Time:          Wed Dec 23 2020 13:51:48 GMT+0000 (Coordinated Universal Time)
[debug] [2020-12-23T13:51:48.483Z] ----------------------------------------------------------------------
[debug] [2020-12-23T13:51:48.483Z] 
[debug] [2020-12-23T13:51:48.484Z] >>> [apiv2][query] GET https://firebase-public.firebaseio.com/cli.json [none]
[info] i  Firebase optionally collects CLI usage and error reporting information to help improve our products. Data is collected in accordance with Google's privacy policy (https://policies.google.com/privacy) and is not used to identify you.
 
[debug] [2020-12-23T13:51:48.760Z] <<< [apiv2][status] GET https://firebase-public.firebaseio.com/cli.json 200
[debug] [2020-12-23T13:51:48.761Z] <<< [apiv2][body] GET https://firebase-public.firebaseio.com/cli.json {"cloudBuildErrorAfter":1594252800000,"cloudBuildWarnAfter":1590019200000,"defaultNode10After":1594252800000,"minVersion":"3.0.5","node8DeploysDisabledAfter":1613390400000,"node8RuntimeDisabledAfter":1615809600000,"node8WarnAfter":1600128000000}
[info] i  To change your data collection preference at any time, run `firebase logout` and log in again. 
[info] 
[info] Visit this URL on this device to log in:
[info] https://accounts.google.com/o/oauth2/auth?client_id=563584335869-fgrhgmd47bqnekij5i8b5pr03ho849e6.apps.googleusercontent.com&scope=email%20openid%20https%3A%2F%2Fwww.googleapis.com%2Fauth%2Fcloudplatformprojects.readonly%20https%3A%2F%2Fwww.googleapis.com%2Fauth%2Ffirebase%20https%3A%2F%2Fwww.googleapis.com%2Fauth%2Fcloud-platform&response_type=code&state=536193329&redirect_uri=http%3A%2F%2Flocalhost%3A9005
[info] 
[info] Waiting for authentication...
[debug] [2020-12-23T13:52:42.448Z] ----------------------------------------------------------------------
[debug] [2020-12-23T13:52:42.450Z] Command:       /home/gitpod/.nvm/versions/node/v12.20.0/bin/node /home/gitpod/.nvm/versions/node/v12.20.0/bin/firebase login
[debug] [2020-12-23T13:52:42.450Z] CLI Version:   9.1.0
[debug] [2020-12-23T13:52:42.450Z] Platform:      linux
[debug] [2020-12-23T13:52:42.451Z] Node Version:  v12.20.0
[debug] [2020-12-23T13:52:42.451Z] Time:          Wed Dec 23 2020 13:52:42 GMT+0000 (Coordinated Universal Time)
[debug] [2020-12-23T13:52:42.451Z] ----------------------------------------------------------------------
[debug] [2020-12-23T13:52:42.451Z] 
[info] i  Firebase optionally collects CLI usage and error reporting information to help improve our products. Data is collected in accordance with Google's privacy policy (https://policies.google.com/privacy) and is not used to identify you.
 
[info] i  To change your data collection preference at any time, run `firebase logout` and log in again. 
[info] 
[info] Visit this URL on this device to log in:
[info] https://accounts.google.com/o/oauth2/auth?client_id=563584335869-fgrhgmd47bqnekij5i8b5pr03ho849e6.apps.googleusercontent.com&scope=email%20openid%20https%3A%2F%2Fwww.googleapis.com%2Fauth%2Fcloudplatformprojects.readonly%20https%3A%2F%2Fwww.googleapis.com%2Fauth%2Ffirebase%20https%3A%2F%2Fwww.googleapis.com%2Fauth%2Fcloud-platform&response_type=code&state=424364088&redirect_uri=http%3A%2F%2Flocalhost%3A9005
[info] 
[info] Waiting for authentication...
